[debug] [2020-10-05T05:01:59.008Z] ----------------------------------------------------------------------
[debug] [2020-10-05T05:01:59.009Z] Command:       C:\Program Files\nodejs\node.exe C:\Users\Sami\AppData\Roaming\npm\node_modules\firebase-tools\lib\bin\firebase.js emulators:start
[debug] [2020-10-05T05:01:59.010Z] CLI Version:   8.11.2
[debug] [2020-10-05T05:01:59.010Z] Platform:      win32
[debug] [2020-10-05T05:01:59.010Z] Node Version:  v12.16.2
[debug] [2020-10-05T05:01:59.010Z] Time:          Mon Oct 05 2020 01:01:59 GMT-0400 (Eastern Daylight Time)
[debug] [2020-10-05T05:01:59.010Z] ----------------------------------------------------------------------
[debug] [2020-10-05T05:01:59.011Z] 
[debug] [2020-10-05T05:01:59.016Z] > command requires scopes: ["email","openid","https://www.googleapis.com/auth/cloudplatformprojects.readonly","https://www.googleapis.com/auth/firebase","https://www.googleapis.com/auth/cloud-platform"]
[debug] [2020-10-05T05:01:59.016Z] > authorizing via signed-in user
[info] i  emulators: Starting emulators: functions, hosting {"metadata":{"emulator":{"name":"hub"},"message":"Starting emulators: functions, hosting"}}
[debug] [2020-10-05T05:02:01.071Z] [hub] writing locator at C:\Users\Sami\AppData\Local\Temp\hub-discord-clone-e2238.json
[warn] !  functions: The following emulators are not running, calls to these services from the Functions emulator will affect production: auth, firestore, database, pubsub {"metadata":{"emulator":{"name":"functions"},"message":"The following emulators are not running, calls to these services from the Functions emulator will affect production: \u001b[1mauth, firestore, database, pubsub\u001b[22m"}}
[warn] !  Your requested "node" version "10" doesn't match your global version "12" {"metadata":{"emulator":{"name":"functions"},"message":"Your requested \"node\" version \"10\" doesn't match your global version \"12\""}}
[debug] [2020-10-05T05:02:03.134Z] defaultcredentials: writing to file C:\Users\Sami\AppData\Roaming\firebase\samiahmad2205_gmail_com_application_default_credentials.json
[debug] [2020-10-05T05:02:03.136Z] Setting GAC to C:\Users\Sami\AppData\Roaming\firebase\samiahmad2205_gmail_com_application_default_credentials.json {"metadata":{"emulator":{"name":"functions"},"message":"Setting GAC to C:\\Users\\Sami\\AppData\\Roaming\\firebase\\samiahmad2205_gmail_com_application_default_credentials.json"}}
[debug] [2020-10-05T05:02:05.181Z] >>> HTTP REQUEST GET https://firebase.googleapis.com/v1beta1/projects/discord-clone-e2238/webApps/-/config  
 
[debug] [2020-10-05T05:02:05.478Z] <<< HTTP RESPONSE 200 {"content-type":"application/json; charset=UTF-8","vary":"X-Origin, Referer, Origin,Accept-Encoding","date":"Mon, 05 Oct 2020 05:02:05 GMT","server":"ESF","cache-control":"private","x-xss-protection":"0","x-frame-options":"SAMEORIGIN","x-content-type-options":"nosniff","alt-svc":"h3-Q050=\":443\"; ma=2592000,h3-29=\":443\"; ma=2592000,h3-27=\":443\"; ma=2592000,h3-T051=\":443\"; ma=2592000,h3-T050=\":443\"; ma=2592000,h3-Q046=\":443\"; ma=2592000,h3-Q043=\":443\"; ma=2592000,quic=\":443\"; ma=2592000; v=\"46,43\"","accept-ranges":"none","transfer-encoding":"chunked"}
[info] i  hosting: Serving hosting files from: build {"metadata":{"emulator":{"name":"hosting"},"message":"Serving hosting files from: \u001b[1mbuild\u001b[22m"}}
[info] +  hosting: Local server: http://localhost:5000 {"metadata":{"emulator":{"name":"hosting"},"message":"Local server: \u001b[4m\u001b[1mhttp://localhost:5000\u001b[22m\u001b[24m"}}
[warn] !  ui: Emulator UI unable to start on port 4000, starting on 4001 instead. {"metadata":{"emulator":{"name":"ui"},"message":"Emulator UI unable to start on port 4000, starting on 4001 instead."}}
[debug] [2020-10-05T05:02:07.555Z] Ignoring unsupported arg: auto_download {"metadata":{"emulator":{"name":"ui"},"message":"Ignoring unsupported arg: auto_download"}}
[debug] [2020-10-05T05:02:07.555Z] Ignoring unsupported arg: port {"metadata":{"emulator":{"name":"ui"},"message":"Ignoring unsupported arg: port"}}
[debug] [2020-10-05T05:02:07.555Z] Starting Emulator UI with command {"binary":"node","args":["C:\\Users\\Sami\\.cache\\firebase\\emulators\\ui-v1.1.1\\server.bundle.js"],"optionalArgs":[],"joinArgs":false} {"metadata":{"emulator":{"name":"ui"},"message":"Starting Emulator UI with command {\"binary\":\"node\",\"args\":[\"C:\\\\Users\\\\Sami\\\\.cache\\\\firebase\\\\emulators\\\\ui-v1.1.1\\\\server.bundle.js\"],\"optionalArgs\":[],\"joinArgs\":false}"}}
[info] i  ui: Emulator UI logging to ui-debug.log {"metadata":{"emulator":{"name":"ui"},"message":"Emulator UI logging to \u001b[1mui-debug.log\u001b[22m"}}
[debug] [2020-10-05T05:02:07.630Z] Web / API server started at http://localhost:4001
 {"metadata":{"emulator":{"name":"ui"},"message":"Web / API server started at http://localhost:4001\n"}}
[info] i  functions: Watching "C:\Users\Sami\Desktop\Projects\Javascript crashcourse\discord\discord-clone\functions" for Cloud Functions... {"metadata":{"emulator":{"name":"functions"},"message":"Watching \"C:\\Users\\Sami\\Desktop\\Projects\\Javascript crashcourse\\discord\\discord-clone\\functions\" for Cloud Functions..."}}
[debug] [2020-10-05T05:02:08.079Z] [worker-pool] addWorker(~diagnostic~) {"metadata":{"emulator":{"name":"functions"},"message":"[worker-pool] addWorker(~diagnostic~)"}}
[debug] [2020-10-05T05:02:08.079Z] [worker-pool] Adding worker with key ~diagnostic~, total=1 {"metadata":{"emulator":{"name":"functions"},"message":"[worker-pool] Adding worker with key ~diagnostic~, total=1"}}
[debug] [2020-10-05T05:02:08.079Z] [worker-pool] submitWork(triggerId=) {"metadata":{"emulator":{"name":"functions"},"message":"[worker-pool] submitWork(triggerId=)"}}
[debug] [2020-10-05T05:02:08.079Z] [worker-~diagnostic~-4cad6361-1db7-4178-bb09-379fd76b6ce2]: Assigning socketPath: \\?\pipe\C:\Users\Sami\Desktop\Projects\Javascript crashcourse\discord\discord-clone\functions\17392 {"metadata":{"emulator":{"name":"functions"},"message":"[worker-~diagnostic~-4cad6361-1db7-4178-bb09-379fd76b6ce2]: Assigning socketPath: \\\\?\\pipe\\C:\\Users\\Sami\\Desktop\\Projects\\Javascript crashcourse\\discord\\discord-clone\\functions\\17392"}}
[debug] [2020-10-05T05:02:08.079Z] [worker-~diagnostic~-4cad6361-1db7-4178-bb09-379fd76b6ce2]: BUSY {"metadata":{"emulator":{"name":"functions"},"message":"[worker-~diagnostic~-4cad6361-1db7-4178-bb09-379fd76b6ce2]: BUSY"}}
[debug] [2020-10-05T05:02:08.337Z] [runtime-status] [17392] Functions runtime initialized. {"cwd":"C:\\Users\\Sami\\Desktop\\Projects\\Javascript crashcourse\\discord\\discord-clone\\functions","node_version":"12.16.2"} {"metadata":{"emulator":{"name":"functions"},"message":"[runtime-status] [17392] Functions runtime initialized. {\"cwd\":\"C:\\\\Users\\\\Sami\\\\Desktop\\\\Projects\\\\Javascript crashcourse\\\\discord\\\\discord-clone\\\\functions\",\"node_version\":\"12.16.2\"}"}}
[debug] [2020-10-05T05:02:08.338Z] [runtime-status] [17392] Disabled runtime features: undefined {"metadata":{"emulator":{"name":"functions"},"message":"[runtime-status] [17392] Disabled runtime features: undefined"}}
[debug] [2020-10-05T05:02:08.340Z] [runtime-status] [17392] Resolved module firebase-admin {"declared":true,"installed":true,"version":"8.13.0","resolution":"C:\\Users\\Sami\\Desktop\\Projects\\Javascript crashcourse\\discord\\discord-clone\\functions\\node_modules\\firebase-admin\\lib\\index.js"} {"metadata":{"emulator":{"name":"functions"},"message":"[runtime-status] [17392] Resolved module firebase-admin {\"declared\":true,\"installed\":true,\"version\":\"8.13.0\",\"resolution\":\"C:\\\\Users\\\\Sami\\\\Desktop\\\\Projects\\\\Javascript crashcourse\\\\discord\\\\discord-clone\\\\functions\\\\node_modules\\\\firebase-admin\\\\lib\\\\index.js\"}"}}
[debug] [2020-10-05T05:02:08.343Z] [runtime-status] [17392] Resolved module firebase-functions {"declared":true,"installed":true,"version":"3.11.0","resolution":"C:\\Users\\Sami\\Desktop\\Projects\\Javascript crashcourse\\discord\\discord-clone\\functions\\node_modules\\firebase-functions\\lib\\index.js"} {"metadata":{"emulator":{"name":"functions"},"message":"[runtime-status] [17392] Resolved module firebase-functions {\"declared\":true,\"installed\":true,\"version\":\"3.11.0\",\"resolution\":\"C:\\\\Users\\\\Sami\\\\Desktop\\\\Projects\\\\Javascript crashcourse\\\\discord\\\\discord-clone\\\\functions\\\\node_modules\\\\firebase-functions\\\\lib\\\\index.js\"}"}}
[debug] [2020-10-05T05:02:08.343Z] [runtime-status] [17392] Resolved module firebase-functions {"declared":true,"installed":true,"version":"3.11.0","resolution":"C:\\Users\\Sami\\Desktop\\Projects\\Javascript crashcourse\\discord\\discord-clone\\functions\\node_modules\\firebase-functions\\lib\\index.js"} {"metadata":{"emulator":{"name":"functions"},"message":"[runtime-status] [17392] Resolved module firebase-functions {\"declared\":true,\"installed\":true,\"version\":\"3.11.0\",\"resolution\":\"C:\\\\Users\\\\Sami\\\\Desktop\\\\Projects\\\\Javascript crashcourse\\\\discord\\\\discord-clone\\\\functions\\\\node_modules\\\\firebase-functions\\\\lib\\\\index.js\"}"}}
[debug] [2020-10-05T05:02:08.344Z] [runtime-status] [17392] Outgoing network have been stubbed. [{"name":"http","status":"mocked"},{"name":"http","status":"mocked"},{"name":"https","status":"mocked"},{"name":"https","status":"mocked"},{"name":"net","status":"mocked"}] {"metadata":{"emulator":{"name":"functions"},"message":"[runtime-status] [17392] Outgoing network have been stubbed. [{\"name\":\"http\",\"status\":\"mocked\"},{\"name\":\"http\",\"status\":\"mocked\"},{\"name\":\"https\",\"status\":\"mocked\"},{\"name\":\"https\",\"status\":\"mocked\"},{\"name\":\"net\",\"status\":\"mocked\"}]"}}
[debug] [2020-10-05T05:02:08.345Z] [runtime-status] [17392] Resolved module firebase-functions {"declared":true,"installed":true,"version":"3.11.0","resolution":"C:\\Users\\Sami\\Desktop\\Projects\\Javascript crashcourse\\discord\\discord-clone\\functions\\node_modules\\firebase-functions\\lib\\index.js"} {"metadata":{"emulator":{"name":"functions"},"message":"[runtime-status] [17392] Resolved module firebase-functions {\"declared\":true,\"installed\":true,\"version\":\"3.11.0\",\"resolution\":\"C:\\\\Users\\\\Sami\\\\Desktop\\\\Projects\\\\Javascript crashcourse\\\\discord\\\\discord-clone\\\\functions\\\\node_modules\\\\firebase-functions\\\\lib\\\\index.js\"}"}}
[debug] [2020-10-05T05:02:08.375Z] [runtime-status] [17392] Checked functions.config() {"config":{}} {"metadata":{"emulator":{"name":"functions"},"message":"[runtime-status] [17392] Checked functions.config() {\"config\":{}}"}}
[debug] [2020-10-05T05:02:08.375Z] [runtime-status] [17392] firebase-functions has been stubbed. {"functionsResolution":{"declared":true,"installed":true,"version":"3.11.0","resolution":"C:\\Users\\Sami\\Desktop\\Projects\\Javascript crashcourse\\discord\\discord-clone\\functions\\node_modules\\firebase-functions\\lib\\index.js"}} {"metadata":{"emulator":{"name":"functions"},"message":"[runtime-status] [17392] firebase-functions has been stubbed. {\"functionsResolution\":{\"declared\":true,\"installed\":true,\"version\":\"3.11.0\",\"resolution\":\"C:\\\\Users\\\\Sami\\\\Desktop\\\\Projects\\\\Javascript crashcourse\\\\discord\\\\discord-clone\\\\functions\\\\node_modules\\\\firebase-functions\\\\lib\\\\index.js\"}}"}}
[debug] [2020-10-05T05:02:08.376Z] [runtime-status] [17392] Resolved module firebase-functions {"declared":true,"installed":true,"version":"3.11.0","resolution":"C:\\Users\\Sami\\Desktop\\Projects\\Javascript crashcourse\\discord\\discord-clone\\functions\\node_modules\\firebase-functions\\lib\\index.js"} {"metadata":{"emulator":{"name":"functions"},"message":"[runtime-status] [17392] Resolved module firebase-functions {\"declared\":true,\"installed\":true,\"version\":\"3.11.0\",\"resolution\":\"C:\\\\Users\\\\Sami\\\\Desktop\\\\Projects\\\\Javascript crashcourse\\\\discord\\\\discord-clone\\\\functions\\\\node_modules\\\\firebase-functions\\\\lib\\\\index.js\"}"}}
[debug] [2020-10-05T05:02:08.377Z] [runtime-status] [17392] Resolved module firebase-admin {"declared":true,"installed":true,"version":"8.13.0","resolution":"C:\\Users\\Sami\\Desktop\\Projects\\Javascript crashcourse\\discord\\discord-clone\\functions\\node_modules\\firebase-admin\\lib\\index.js"} {"metadata":{"emulator":{"name":"functions"},"message":"[runtime-status] [17392] Resolved module firebase-admin {\"declared\":true,\"installed\":true,\"version\":\"8.13.0\",\"resolution\":\"C:\\\\Users\\\\Sami\\\\Desktop\\\\Projects\\\\Javascript crashcourse\\\\discord\\\\discord-clone\\\\functions\\\\node_modules\\\\firebase-admin\\\\lib\\\\index.js\"}"}}
[debug] [2020-10-05T05:02:08.377Z] [runtime-status] [17392] Resolved module firebase-functions {"declared":true,"installed":true,"version":"3.11.0","resolution":"C:\\Users\\Sami\\Desktop\\Projects\\Javascript crashcourse\\discord\\discord-clone\\functions\\node_modules\\firebase-functions\\lib\\index.js"} {"metadata":{"emulator":{"name":"functions"},"message":"[runtime-status] [17392] Resolved module firebase-functions {\"declared\":true,\"installed\":true,\"version\":\"3.11.0\",\"resolution\":\"C:\\\\Users\\\\Sami\\\\Desktop\\\\Projects\\\\Javascript crashcourse\\\\discord\\\\discord-clone\\\\functions\\\\node_modules\\\\firebase-functions\\\\lib\\\\index.js\"}"}}
[debug] [2020-10-05T05:02:08.377Z] [runtime-status] [17392] firebase-admin has been stubbed. {"adminResolution":{"declared":true,"installed":true,"version":"8.13.0","resolution":"C:\\Users\\Sami\\Desktop\\Projects\\Javascript crashcourse\\discord\\discord-clone\\functions\\node_modules\\firebase-admin\\lib\\index.js"}} {"metadata":{"emulator":{"name":"functions"},"message":"[runtime-status] [17392] firebase-admin has been stubbed. {\"adminResolution\":{\"declared\":true,\"installed\":true,\"version\":\"8.13.0\",\"resolution\":\"C:\\\\Users\\\\Sami\\\\Desktop\\\\Projects\\\\Javascript crashcourse\\\\discord\\\\discord-clone\\\\functions\\\\node_modules\\\\firebase-admin\\\\lib\\\\index.js\"}}"}}
[info] +  functions[api]: http function initialized (http://localhost:5001/discord-clone-e2238/us-central1/api). {"metadata":{"emulator":{"name":"functions"},"message":"\u001b[1mhttp\u001b[22m function initialized (http://localhost:5001/discord-clone-e2238/us-central1/api)."}}
[info] 
┌───────────────────────────────────────────────────────────────────────┐
│ ✔  All emulators ready! View status and logs at http://localhost:4001 │
└───────────────────────────────────────────────────────────────────────┘

┌───────────┬────────────────┬─────────────────────────────────┐
│ Emulator  │ Host:Port      │ View in Emulator UI             │
├───────────┼────────────────┼─────────────────────────────────┤
│ Functions │ localhost:5001 │ http://localhost:4001/functions │
├───────────┼────────────────┼─────────────────────────────────┤
│ Hosting   │ localhost:5000 │ n/a                             │
└───────────┴────────────────┴─────────────────────────────────┘
  Other reserved ports: 4400, 4500

Issues? Report them at https://github.com/firebase/firebase-tools/issues and attach the *-debug.log files.
 
[debug] [2020-10-05T05:02:08.752Z] [worker-~diagnostic~-4cad6361-1db7-4178-bb09-379fd76b6ce2]: IDLE {"metadata":{"emulator":{"name":"functions"},"message":"[worker-~diagnostic~-4cad6361-1db7-4178-bb09-379fd76b6ce2]: IDLE"}}
[info] >  connected to MongoDB {"user":"connected to MongoDB","metadata":{"emulator":{"name":"functions"},"message":"\u001b[90m> \u001b[39m connected to MongoDB"}}
